<?xml version="1.0" encoding="UTF-8"?>
<testsuite xmlns:xsi="http://www.w3.org/2001/XMLSchema-instance" xsi:noNamespaceSchemaLocation="https://maven.apache.org/surefire/maven-surefire-plugin/xsd/surefire-test-report.xsd" version="3.0.2" name="io.github.asgambat.xdcc.parse.ThrottleParserTest" time="0.021" tests="6" errors="0" skipped="0" failures="0">
  <properties>
[...]
</properties>
  <testcase name="testUnlimited" classname="io.github.asgambat.xdcc.parse.ThrottleParserTest" time="0.003"/>
  <testcase name="testBytes" classname="io.github.asgambat.xdcc.parse.ThrottleParserTest" time="0.001"/>
  <testcase name="testKilobytes" classname="io.github.asgambat.xdcc.parse.ThrottleParserTest" time="0.001"/>
  <testcase name="testInvalidThrottle" classname="io.github.asgambat.xdcc.parse.ThrottleParserTest" time="0.004"/>
  <testcase name="testMegabytes" classname="io.github.asgambat.xdcc.parse.ThrottleParserTest" time="0.001"/>
  <testcase name="testGigabytes" classname="io.github.asgambat.xdcc.parse.ThrottleParserTest" time="0.002"/>
</testsuite>